# JRE version: OpenJDK Runtime Environment (8.0_222-b10) (build 1.8.0_222-b10)
# Java VM: OpenJDK 64-Bit Server VM (25.222-b10 mixed mode linux-amd64 compressed oops)
Heap:
 def new generation   total 38208K, used 16672K [0x0000000085c00000, 0x0000000088570000, 0x00000000ae800000)
  eden space 33984K,  49% used [0x0000000085c00000, 0x0000000086c481d8, 0x0000000087d30000)
  from space 4224K,   0% used [0x0000000087d30000, 0x0000000087d30000, 0x0000000088150000)
  to   space 4224K,   0% used [0x0000000088150000, 0x0000000088150000, 0x0000000088570000)
 tenured generation   total 84672K, used 11717K [0x00000000ae800000, 0x00000000b3ab0000, 0x0000000100000000)
   the space 84672K,  13% used [0x00000000ae800000, 0x00000000af3714d0, 0x00000000af371600, 0x00000000b3ab0000)
 Metaspace       used 7521K, capacity 7616K, committed 7808K, reserved 1056768K
  class space    used 751K, capacity 796K, committed 896K, reserved 1048576K
GC Heap History (16 events):
Event: 3.462 GC heap before
{Heap before GC invocations=0 (full 0):
 def new generation   total 38080K, used 30424K [0x0000000085c00000, 0x0000000088550000, 0x00000000ae800000)
  eden space 33856K,  89% used [0x0000000085c00000, 0x00000000879b6390, 0x0000000087d10000)
  from space 4224K,   0% used [0x0000000087d10000, 0x0000000087d10000, 0x0000000088130000)
  to   space 4224K,   0% used [0x0000000088130000, 0x0000000088130000, 0x0000000088550000)
 tenured generation   total 84672K, used 0K [0x00000000ae800000, 0x00000000b3ab0000, 0x0000000100000000)
   the space 84672K,   0% used [0x00000000ae800000, 0x00000000ae800000, 0x00000000ae800200, 0x00000000b3ab0000)
 Metaspace       used 7296K, capacity 7424K, committed 7552K, reserved 1056768K
  class space    used 751K, capacity 796K, committed 896K, reserved 1048576K
Event: 3.471 GC heap after
Heap after GC invocations=1 (full 0):
 def new generation   total 38080K, used 4224K [0x0000000085c00000, 0x0000000088550000, 0x00000000ae800000)
  eden space 33856K,   0% used [0x0000000085c00000, 0x0000000085c00000, 0x0000000087d10000)
  from space 4224K, 100% used [0x0000000088130000, 0x0000000088550000, 0x0000000088550000)
  to   space 4224K,   0% used [0x0000000087d10000, 0x0000000087d10000, 0x0000000088130000)
 tenured generation   total 84672K, used 7487K [0x00000000ae800000, 0x00000000b3ab0000, 0x0000000100000000)
   the space 84672K,   8% used [0x00000000ae800000, 0x00000000aef4fd78, 0x00000000aef4fe00, 0x00000000b3ab0000)
 Metaspace       used 7296K, capacity 7424K, committed 7552K, reserved 1056768K
  class space    used 751K, capacity 796K, committed 896K, reserved 1048576K
}
Event: 11.993 GC heap before
{Heap before GC invocations=1 (full 0):
 def new generation   total 38080K, used 38039K [0x0000000085c00000, 0x0000000088550000, 0x00000000ae800000)
  eden space 33856K,  99% used [0x0000000085c00000, 0x0000000087d05f10, 0x0000000087d10000)
  from space 4224K, 100% used [0x0000000088130000, 0x0000000088550000, 0x0000000088550000)
  to   space 4224K,   0% used [0x0000000087d10000, 0x0000000087d10000, 0x0000000088130000)
 tenured generation   total 84672K, used 7487K [0x00000000ae800000, 0x00000000b3ab0000, 0x0000000100000000)
   the space 84672K,   8% used [0x00000000ae800000, 0x00000000aef4fd78, 0x00000000aef4fe00, 0x00000000b3ab0000)
 Metaspace       used 7408K, capacity 7552K, committed 7808K, reserved 1056768K
  class space    used 751K, capacity 796K, committed 896K, reserved 1048576K
Event: 11.996 GC heap after
Heap after GC invocations=2 (full 0):
 def new generation   total 38080K, used 3384K [0x0000000085c00000, 0x0000000088550000, 0x00000000ae800000)
  eden space 33856K,   0% used [0x0000000085c00000, 0x0000000085c00000, 0x0000000087d10000)
  from space 4224K,  80% used [0x0000000087d10000, 0x000000008805e098, 0x0000000088130000)
  to   space 4224K,   0% used [0x0000000088130000, 0x0000000088130000, 0x0000000088550000)
 tenured generation   total 84672K, used 8357K [0x00000000ae800000, 0x00000000b3ab0000, 0x0000000100000000)
   the space 84672K,   9% used [0x00000000ae800000, 0x00000000af0297c8, 0x00000000af029800, 0x00000000b3ab0000)
 Metaspace       used 7408K, capacity 7552K, committed 7808K, reserved 1056768K
  class space    used 751K, capacity 796K, committed 896K, reserved 1048576K
}
Event: 12.131 GC heap before
{Heap before GC invocations=2 (full 0):
 def new generation   total 38080K, used 28301K [0x0000000085c00000, 0x0000000088550000, 0x00000000ae800000)
  eden space 33856K,  73% used [0x0000000085c00000, 0x00000000874556e0, 0x0000000087d10000)
  from space 4224K,  80% used [0x0000000087d10000, 0x000000008805e098, 0x0000000088130000)
  to   space 4224K,   0% used [0x0000000088130000, 0x0000000088130000, 0x0000000088550000)
 tenured generation   total 84672K, used 8357K [0x00000000ae800000, 0x00000000b3ab0000, 0x0000000100000000)
   the space 84672K,   9% used [0x00000000ae800000, 0x00000000af0297c8, 0x00000000af029800, 0x00000000b3ab0000)
 Metaspace       used 7441K, capacity 7552K, committed 7808K, reserved 1056768K
  class space    used 751K, capacity 796K, committed 896K, reserved 1048576K
Event: 12.138 GC heap after
Heap after GC invocations=3 (full 0):
 def new generation   total 38080K, used 3353K [0x0000000085c00000, 0x0000000088550000, 0x00000000ae800000)
  eden space 33856K,   0% used [0x0000000085c00000, 0x0000000085c00000, 0x0000000087d10000)
  from space 4224K,  79% used [0x0000000088130000, 0x00000000884764d0, 0x0000000088550000)
  to   space 4224K,   0% used [0x0000000087d10000, 0x0000000087d10000, 0x0000000088130000)
 tenured generation   total 84672K, used 24767K [0x00000000ae800000, 0x00000000b3ab0000, 0x0000000100000000)
   the space 84672K,  29% used [0x00000000ae800000, 0x00000000b002fc48, 0x00000000b002fe00, 0x00000000b3ab0000)
 Metaspace       used 7441K, capacity 7552K, committed 7808K, reserved 1056768K
  class space    used 751K, capacity 796K, committed 896K, reserved 1048576K
}
Event: 12.376 GC heap before
{Heap before GC invocations=3 (full 0):
 def new generation   total 38080K, used 36517K [0x0000000085c00000, 0x0000000088550000, 0x00000000ae800000)
  eden space 33856K,  97% used [0x0000000085c00000, 0x0000000087c63328, 0x0000000087d10000)
  from space 4224K,  79% used [0x0000000088130000, 0x00000000884764d0, 0x0000000088550000)
  to   space 4224K,   0% used [0x0000000087d10000, 0x0000000087d10000, 0x0000000088130000)
 tenured generation   total 84672K, used 24767K [0x00000000ae800000, 0x00000000b3ab0000, 0x0000000100000000)
   the space 84672K,  29% used [0x00000000ae800000, 0x00000000b002fc48, 0x00000000b002fe00, 0x00000000b3ab0000)
 Metaspace       used 7441K, capacity 7552K, committed 7808K, reserved 1056768K
  class space    used 751K, capacity 796K, committed 896K, reserved 1048576K
Event: 12.386 GC heap after
Heap after GC invocations=4 (full 0):
 def new generation   total 38080K, used 2K [0x0000000085c00000, 0x0000000088550000, 0x00000000ae800000)
  eden space 33856K,   0% used [0x0000000085c00000, 0x0000000085c00000, 0x0000000087d10000)
  from space 4224K,   0% used [0x0000000087d10000, 0x0000000087d10af0, 0x0000000088130000)
  to   space 4224K,   0% used [0x0000000088130000, 0x0000000088130000, 0x0000000088550000)
 tenured generation   total 84672K, used 50052K [0x00000000ae800000, 0x00000000b3ab0000, 0x0000000100000000)
   the space 84672K,  59% used [0x00000000ae800000, 0x00000000b18e10a8, 0x00000000b18e1200, 0x00000000b3ab0000)
 Metaspace       used 7441K, capacity 7552K, committed 7808K, reserved 1056768K
  class space    used 751K, capacity 796K, committed 896K, reserved 1048576K
}
Event: 18.941 GC heap before
{Heap before GC invocations=4 (full 0):
 def new generation   total 38080K, used 24897K [0x0000000085c00000, 0x0000000088550000, 0x00000000ae800000)
  eden space 33856K,  73% used [0x0000000085c00000, 0x000000008744fb48, 0x0000000087d10000)
  from space 4224K,   0% used [0x0000000087d10000, 0x0000000087d10af0, 0x0000000088130000)
  to   space 4224K,   0% used [0x0000000088130000, 0x0000000088130000, 0x0000000088550000)
 tenured generation   total 84672K, used 50052K [0x00000000ae800000, 0x00000000b3ab0000, 0x0000000100000000)
   the space 84672K,  59% used [0x00000000ae800000, 0x00000000b18e10a8, 0x00000000b18e1200, 0x00000000b3ab0000)
 Metaspace       used 7472K, capacity 7616K, committed 7808K, reserved 1056768K
  class space    used 751K, capacity 796K, committed 896K, reserved 1048576K
Event: 18.944 GC heap after
Heap after GC invocations=5 (full 0):
 def new generation   total 38080K, used 3379K [0x0000000085c00000, 0x0000000088550000, 0x00000000ae800000)
  eden space 33856K,   0% used [0x0000000085c00000, 0x0000000085c00000, 0x0000000087d10000)
  from space 4224K,  80% used [0x0000000088130000, 0x000000008847cfd8, 0x0000000088550000)
  to   space 4224K,   0% used [0x0000000087d10000, 0x0000000087d10000, 0x0000000088130000)
 tenured generation   total 84672K, used 56396K [0x00000000ae800000, 0x00000000b3ab0000, 0x0000000100000000)
   the space 84672K,  66% used [0x00000000ae800000, 0x00000000b1f13308, 0x00000000b1f13400, 0x00000000b3ab0000)
 Metaspace       used 7472K, capacity 7616K, committed 7808K, reserved 1056768K
  class space    used 751K, capacity 796K, committed 896K, reserved 1048576K
}
Event: 19.327 GC heap before
{Heap before GC invocations=5 (full 0):
 def new generation   total 38080K, used 36642K [0x0000000085c00000, 0x0000000088550000, 0x00000000ae800000)
  eden space 33856K,  98% used [0x0000000085c00000, 0x0000000087c7b9b0, 0x0000000087d10000)
  from space 4224K,  80% used [0x0000000088130000, 0x000000008847cfd8, 0x0000000088550000)
  to   space 4224K,   0% used [0x0000000087d10000, 0x0000000087d10000, 0x0000000088130000)
 tenured generation   total 84672K, used 56396K [0x00000000ae800000, 0x00000000b3ab0000, 0x0000000100000000)
   the space 84672K,  66% used [0x00000000ae800000, 0x00000000b1f13308, 0x00000000b1f13400, 0x00000000b3ab0000)
 Metaspace       used 7478K, capacity 7616K, committed 7808K, reserved 1056768K
  class space    used 751K, capacity 796K, committed 896K, reserved 1048576K
Event: 19.334 GC heap after
Heap after GC invocations=6 (full 0):
 def new generation   total 38080K, used 3354K [0x0000000085c00000, 0x0000000088550000, 0x00000000ae800000)
  eden space 33856K,   0% used [0x0000000085c00000, 0x0000000085c00000, 0x0000000087d10000)
  from space 4224K,  79% used [0x0000000087d10000, 0x0000000088056958, 0x0000000088130000)
  to   space 4224K,   0% used [0x0000000088130000, 0x0000000088130000, 0x0000000088550000)
 tenured generation   total 84672K, used 72168K [0x00000000ae800000, 0x00000000b3ab0000, 0x0000000100000000)
   the space 84672K,  85% used [0x00000000ae800000, 0x00000000b2e7a170, 0x00000000b2e7a200, 0x00000000b3ab0000)
 Metaspace       used 7478K, capacity 7616K, committed 7808K, reserved 1056768K
  class space    used 751K, capacity 796K, committed 896K, reserved 1048576K
}
Event: 22.429 GC heap before
{Heap before GC invocations=6 (full 0):
 def new generation   total 38080K, used 36758K [0x0000000085c00000, 0x0000000088550000, 0x00000000ae800000)
  eden space 33856K,  98% used [0x0000000085c00000, 0x0000000087c9f208, 0x0000000087d10000)
  from space 4224K,  79% used [0x0000000087d10000, 0x0000000088056958, 0x0000000088130000)
  to   space 4224K,   0% used [0x0000000088130000, 0x0000000088130000, 0x0000000088550000)
 tenured generation   total 84672K, used 72168K [0x00000000ae800000, 0x00000000b3ab0000, 0x0000000100000000)
   the space 84672K,  85% used [0x00000000ae800000, 0x00000000b2e7a170, 0x00000000b2e7a200, 0x00000000b3ab0000)
 Metaspace       used 7511K, capacity 7616K, committed 7808K, reserved 1056768K
  class space    used 751K, capacity 796K, committed 896K, reserved 1048576K
Event: 22.432 GC heap after
Heap after GC invocations=7 (full 0):
 def new generation   total 38080K, used 3364K [0x0000000085c00000, 0x0000000088550000, 0x00000000ae800000)
  eden space 33856K,   0% used [0x0000000085c00000, 0x0000000085c00000, 0x0000000087d10000)
  from space 4224K,  79% used [0x0000000088130000, 0x0000000088479020, 0x0000000088550000)
  to   space 4224K,   0% used [0x0000000087d10000, 0x0000000087d10000, 0x0000000088130000)
 tenured generation   total 84672K, used 78512K [0x00000000ae800000, 0x00000000b3ab0000, 0x0000000100000000)
   the space 84672K,  92% used [0x00000000ae800000, 0x00000000b34ac3a8, 0x00000000b34ac400, 0x00000000b3ab0000)
 Metaspace       used 7511K, capacity 7616K, committed 7808K, reserved 1056768K
  class space    used 751K, capacity 796K, committed 896K, reserved 1048576K
}
Event: 25.791 GC heap before
{Heap before GC invocations=7 (full 0):
 def new generation   total 38080K, used 33574K [0x0000000085c00000, 0x0000000088550000, 0x00000000ae800000)
  eden space 33856K,  89% used [0x0000000085c00000, 0x0000000087980bc0, 0x0000000087d10000)
  from space 4224K,  79% used [0x0000000088130000, 0x0000000088479020, 0x0000000088550000)
  to   space 4224K,   0% used [0x0000000087d10000, 0x0000000087d10000, 0x0000000088130000)
 tenured generation   total 84672K, used 78512K [0x00000000ae800000, 0x00000000b3ab0000, 0x0000000100000000)
   the space 84672K,  92% used [0x00000000ae800000, 0x00000000b34ac3a8, 0x00000000b34ac400, 0x00000000b3ab0000)
 Metaspace       used 7521K, capacity 7616K, committed 7808K, reserved 1056768K
  class space    used 751K, capacity 796K, committed 896K, reserved 1048576K
Event: 25.801 GC heap after
Heap after GC invocations=8 (full 1):
 def new generation   total 38208K, used 0K [0x0000000085c00000, 0x0000000088570000, 0x00000000ae800000)
  eden space 33984K,   0% used [0x0000000085c00000, 0x0000000085c00000, 0x0000000087d30000)
  from space 4224K,   0% used [0x0000000087d30000, 0x0000000087d30000, 0x0000000088150000)
  to   space 4224K,   0% used [0x0000000088150000, 0x0000000088150000, 0x0000000088570000)
 tenured generation   total 84672K, used 11717K [0x00000000ae800000, 0x00000000b3ab0000, 0x0000000100000000)
   the space 84672K,  13% used [0x00000000ae800000, 0x00000000af3714d0, 0x00000000af371600, 0x00000000b3ab0000)
 Metaspace       used 7521K, capacity 7616K, committed 7808K, reserved 1056768K
  class space    used 751K, capacity 796K, committed 896K, reserved 1048576K
}

